{"/Users/larsvanherwijnen/Developer/DevOps/services/service-a/src/index.js": {"path":"/Users/larsvanherwijnen/Developer/DevOps/services/service-a/src/index.js","statementMap":{"0":{"start":{"line":1,"column":16},"end":{"line":1,"column":34}},"1":{"start":{"line":2,"column":17},"end":{"line":2,"column":36}},"2":{"start":{"line":3,"column":13},"end":{"line":3,"column":31}},"3":{"start":{"line":4,"column":15},"end":{"line":4,"column":32}},"4":{"start":{"line":5,"column":13},"end":{"line":5,"column":28}},"5":{"start":{"line":7,"column":16},"end":{"line":7,"column":43}},"6":{"start":{"line":8,"column":14},"end":{"line":8,"column":39}},"7":{"start":{"line":10,"column":0},"end":{"line":10,"column":16}},"8":{"start":{"line":11,"column":12},"end":{"line":11,"column":21}},"9":{"start":{"line":12,"column":0},"end":{"line":12,"column":16}},"10":{"start":{"line":13,"column":0},"end":{"line":13,"column":24}},"11":{"start":{"line":16,"column":19},"end":{"line":16,"column":34}},"12":{"start":{"line":19,"column":0},"end":{"line":22,"column":80}},"13":{"start":{"line":21,"column":14},"end":{"line":21,"column":59}},"14":{"start":{"line":22,"column":18},"end":{"line":22,"column":78}},"15":{"start":{"line":26,"column":21},"end":{"line":28,"column":3}},"16":{"start":{"line":29,"column":2},"end":{"line":29,"column":45}},"17":{"start":{"line":30,"column":2},"end":{"line":30,"column":40}},"18":{"start":{"line":32,"column":0},"end":{"line":32,"column":16}},"19":{"start":{"line":35,"column":0},"end":{"line":38,"column":3}},"20":{"start":{"line":36,"column":19},"end":{"line":36,"column":39}},"21":{"start":{"line":37,"column":2},"end":{"line":37,"column":21}},"22":{"start":{"line":41,"column":0},"end":{"line":71,"column":5}},"23":{"start":{"line":42,"column":4},"end":{"line":42,"column":63}},"24":{"start":{"line":44,"column":4},"end":{"line":70,"column":5}},"25":{"start":{"line":45,"column":38},"end":{"line":45,"column":46}},"26":{"start":{"line":47,"column":6},"end":{"line":49,"column":7}},"27":{"start":{"line":48,"column":8},"end":{"line":48,"column":88}},"28":{"start":{"line":51,"column":22},"end":{"line":51,"column":55}},"29":{"start":{"line":52,"column":6},"end":{"line":52,"column":82}},"30":{"start":{"line":52,"column":20},"end":{"line":52,"column":82}},"31":{"start":{"line":54,"column":20},"end":{"line":54,"column":54}},"32":{"start":{"line":55,"column":6},"end":{"line":55,"column":25}},"33":{"start":{"line":57,"column":6},"end":{"line":59,"column":7}},"34":{"start":{"line":58,"column":8},"end":{"line":58,"column":85}},"35":{"start":{"line":61,"column":6},"end":{"line":64,"column":8}},"36":{"start":{"line":66,"column":6},"end":{"line":66,"column":64}},"37":{"start":{"line":68,"column":6},"end":{"line":68,"column":52}},"38":{"start":{"line":69,"column":6},"end":{"line":69,"column":87}},"39":{"start":{"line":73,"column":13},"end":{"line":73,"column":37}},"40":{"start":{"line":74,"column":0},"end":{"line":74,"column":73}},"41":{"start":{"line":74,"column":23},"end":{"line":74,"column":71}}},"fnMap":{"0":{"name":"(anonymous_0)","decl":{"start":{"line":21,"column":8},"end":{"line":21,"column":9}},"loc":{"start":{"line":21,"column":14},"end":{"line":21,"column":59}},"line":21},"1":{"name":"(anonymous_1)","decl":{"start":{"line":22,"column":9},"end":{"line":22,"column":10}},"loc":{"start":{"line":22,"column":18},"end":{"line":22,"column":78}},"line":22},"2":{"name":"connectRabbit","decl":{"start":{"line":25,"column":15},"end":{"line":25,"column":28}},"loc":{"start":{"line":25,"column":31},"end":{"line":31,"column":1}},"line":25},"3":{"name":"(anonymous_3)","decl":{"start":{"line":35,"column":21},"end":{"line":35,"column":22}},"loc":{"start":{"line":35,"column":41},"end":{"line":38,"column":1}},"line":35},"4":{"name":"(anonymous_4)","decl":{"start":{"line":41,"column":19},"end":{"line":41,"column":20}},"loc":{"start":{"line":41,"column":39},"end":{"line":71,"column":3}},"line":41},"5":{"name":"(anonymous_5)","decl":{"start":{"line":74,"column":17},"end":{"line":74,"column":18}},"loc":{"start":{"line":74,"column":23},"end":{"line":74,"column":71}},"line":74}},"branchMap":{"0":{"loc":{"start":{"line":47,"column":6},"end":{"line":49,"column":7}},"type":"if","locations":[{"start":{"line":47,"column":6},"end":{"line":49,"column":7}},{"start":{},"end":{}}],"line":47},"1":{"loc":{"start":{"line":47,"column":10},"end":{"line":47,"column":33}},"type":"binary-expr","locations":[{"start":{"line":47,"column":10},"end":{"line":47,"column":20}},{"start":{"line":47,"column":24},"end":{"line":47,"column":33}}],"line":47},"2":{"loc":{"start":{"line":52,"column":6},"end":{"line":52,"column":82}},"type":"if","locations":[{"start":{"line":52,"column":6},"end":{"line":52,"column":82}},{"start":{},"end":{}}],"line":52},"3":{"loc":{"start":{"line":57,"column":6},"end":{"line":59,"column":7}},"type":"if","locations":[{"start":{"line":57,"column":6},"end":{"line":59,"column":7}},{"start":{},"end":{}}],"line":57},"4":{"loc":{"start":{"line":73,"column":13},"end":{"line":73,"column":37}},"type":"binary-expr","locations":[{"start":{"line":73,"column":13},"end":{"line":73,"column":29}},{"start":{"line":73,"column":33},"end":{"line":73,"column":37}}],"line":73}},"s":{"0":1,"1":1,"2":1,"3":1,"4":1,"5":1,"6":1,"7":1,"8":1,"9":1,"10":1,"11":1,"12":1,"13":0,"14":1,"15":1,"16":0,"17":0,"18":1,"19":1,"20":0,"21":0,"22":1,"23":0,"24":0,"25":0,"26":0,"27":0,"28":0,"29":0,"30":0,"31":0,"32":0,"33":0,"34":0,"35":0,"36":0,"37":0,"38":0,"39":1,"40":1,"41":0},"f":{"0":0,"1":1,"2":1,"3":0,"4":0,"5":0},"b":{"0":[0,0],"1":[0,0],"2":[0,0],"3":[0,0],"4":[1,1]},"_coverageSchema":"1a1c01bbd47fc00a2c39e90264f33305004495a9","hash":"36d44d4739be31af44d8969dab44947c9a0463b8"}
,"/Users/larsvanherwijnen/Developer/DevOps/services/service-a/src/models/Order.js": {"path":"/Users/larsvanherwijnen/Developer/DevOps/services/service-a/src/models/Order.js","statementMap":{"0":{"start":{"line":1,"column":17},"end":{"line":1,"column":36}},"1":{"start":{"line":3,"column":20},"end":{"line":7,"column":2}},"2":{"start":{"line":9,"column":0},"end":{"line":9,"column":54}}},"fnMap":{},"branchMap":{},"s":{"0":1,"1":1,"2":1},"f":{},"b":{},"_coverageSchema":"1a1c01bbd47fc00a2c39e90264f33305004495a9","hash":"82dfd997056fe5d0b418e2d6357b2e9c52b74db8"}
,"/Users/larsvanherwijnen/Developer/DevOps/services/service-a/src/models/Product.js": {"path":"/Users/larsvanherwijnen/Developer/DevOps/services/service-a/src/models/Product.js","statementMap":{"0":{"start":{"line":1,"column":17},"end":{"line":1,"column":36}},"1":{"start":{"line":3,"column":22},"end":{"line":6,"column":2}},"2":{"start":{"line":8,"column":0},"end":{"line":8,"column":58}}},"fnMap":{},"branchMap":{},"s":{"0":1,"1":1,"2":1},"f":{},"b":{},"_coverageSchema":"1a1c01bbd47fc00a2c39e90264f33305004495a9","hash":"4e34b8b21ff283527628a6a999136b0ea8dec6d3"}
}
