{"/Users/larsvanherwijnen/Developer/DevOps/services/service-b/utils/trackingNumber.js": {"path":"/Users/larsvanherwijnen/Developer/DevOps/services/service-b/utils/trackingNumber.js","statementMap":{"0":{"start":{"line":2,"column":4},"end":{"line":2,"column":56}},"1":{"start":{"line":5,"column":0},"end":{"line":5,"column":44}}},"fnMap":{"0":{"name":"generateTrackingNumber","decl":{"start":{"line":1,"column":9},"end":{"line":1,"column":31}},"loc":{"start":{"line":1,"column":34},"end":{"line":3,"column":3}},"line":1}},"branchMap":{},"s":{"0":101,"1":1},"f":{"0":101},"b":{},"_coverageSchema":"1a1c01bbd47fc00a2c39e90264f33305004495a9","hash":"542cbadf58aebc646bfdbaccbaa5fff664b08558"}
}
